<?xml version="1.0" encoding="UTF-8"?>
<!-- Generated by org.testng.reporters.JUnitXMLReporter -->
<testsuite hostname="INAGFFPTEC098W" name="Regression1" tests="4" failures="3" timestamp="5 Jun 2015 15:16:12 GMT" time="268.322" errors="0">
  <testcase name="Round_Trip_Script" time="0.058" classname="com.fp.example.Round_Trip">
    <failure type="org.openqa.selenium.SessionNotCreatedException" message="A new session could not be created. (Original error: Requested a new session but one was in progress) (WARNING: The server did not provide any stacktrace information)
Command duration or timeout: 42 milliseconds
Build info: version: &amp;apos;2.45.0&amp;apos;, revision: &amp;apos;32a636c&amp;apos;, time: &amp;apos;2015-03-05 22:01:35&amp;apos;
System info: host: &amp;apos;INAGFFPTEC098W&amp;apos;, ip: &amp;apos;172.20.16.120&amp;apos;, os.name: &amp;apos;Windows 7&amp;apos;, os.arch: &amp;apos;x86&amp;apos;, os.version: &amp;apos;6.1&amp;apos;, java.version: &amp;apos;1.6.0_31&amp;apos;
Driver info: io.appium.java_client.AppiumDriver">
      <![CDATA[org.openqa.selenium.SessionNotCreatedException: A new session could not be created. (Original error: Requested a new session but one was in progress) (WARNING: The server did not provide any stacktrace information)
Command duration or timeout: 42 milliseconds
Build info: version: '2.45.0', revision: '32a636c', time: '2015-03-05 22:01:35'
System info: host: 'INAGFFPTEC098W', ip: '172.20.16.120', os.name: 'Windows 7', os.arch: 'x86', os.version: '6.1', java.version: '1.6.0_31'
Driver info: io.appium.java_client.AppiumDriver
	at org.openqa.selenium.remote.ErrorHandler.createThrowable(ErrorHandler.java:204)
	at org.openqa.selenium.remote.ErrorHandler.throwIfResponseFailed(ErrorHandler.java:156)
	at org.openqa.selenium.remote.RemoteWebDriver.execute(RemoteWebDriver.java:599)
	at io.appium.java_client.AppiumDriver.execute(AppiumDriver.java:88)
	at org.openqa.selenium.remote.RemoteWebDriver.startSession(RemoteWebDriver.java:240)
	at org.openqa.selenium.remote.RemoteWebDriver.<init>(RemoteWebDriver.java:126)
	at org.openqa.selenium.remote.RemoteWebDriver.<init>(RemoteWebDriver.java:153)
	at io.appium.java_client.AppiumDriver.<init>(AppiumDriver.java:44)
	at com.fp.example.testingapp.testapp(testingapp.java:85)
	at com.fp.example.Round_Trip.Round_Trip_Script(Round_Trip.java:55)
... Removed 28 stack frames]]>
    </failure>
  </testcase> <!-- Round_Trip_Script -->
  <testcase name="Price_Check1" time="76.376" classname="com.fp.example.Total_Price_Check"/>
  <testcase name="Promo_Calculation" time="71.31" classname="com.fp.example.Promo_Code_Verification">
    <failure type="org.openqa.selenium.NoSuchElementException" message="An element could not be located on the page using the given search parameters. (WARNING: The server did not provide any stacktrace information)
Command duration or timeout: 25.32 seconds
For documentation on this error, please visit: http://seleniumhq.org/exceptions/no_such_element.html
Build info: version: &amp;apos;2.45.0&amp;apos;, revision: &amp;apos;32a636c&amp;apos;, time: &amp;apos;2015-03-05 22:01:35&amp;apos;
System info: host: &amp;apos;INAGFFPTEC098W&amp;apos;, ip: &amp;apos;172.20.16.120&amp;apos;, os.name: &amp;apos;Windows 7&amp;apos;, os.arch: &amp;apos;x86&amp;apos;, os.version: &amp;apos;6.1&amp;apos;, java.version: &amp;apos;1.6.0_31&amp;apos;
Session ID: e1c84ead-6342-4dd4-aec1-8df8204cca65
Driver info: io.appium.java_client.AppiumDriver
Capabilities [{platform=LINUX, app=C:\Appium\CheapoAir_AirHotel_3.0.15.apk, javascriptEnabled=true, appActivity=com.fp.cheapoair.Cheapoair, browserName=, networkConnectionEnabled=true, apppackage=com.fp.cheapoair, desired={platformVersion=5.1, app=C:\Appium\CheapoAir_AirHotel_3.0.15.apk, deviceName=motorola-nexus_6-ZX1G428LBP, platformName=Android, browserName=, appActivity=com.fp.cheapoair.Cheapoair, apppackage=com.fp.cheapoair}, locationContextEnabled=false, platformVersion=5.1, databaseEnabled=false, deviceName=ZX1G428LBP, platformName=Android, webStorageEnabled=false, warnings={}, takesScreenshot=true}]">
      <![CDATA[org.openqa.selenium.NoSuchElementException: An element could not be located on the page using the given search parameters. (WARNING: The server did not provide any stacktrace information)
Command duration or timeout: 25.32 seconds
For documentation on this error, please visit: http://seleniumhq.org/exceptions/no_such_element.html
Build info: version: '2.45.0', revision: '32a636c', time: '2015-03-05 22:01:35'
System info: host: 'INAGFFPTEC098W', ip: '172.20.16.120', os.name: 'Windows 7', os.arch: 'x86', os.version: '6.1', java.version: '1.6.0_31'
Session ID: e1c84ead-6342-4dd4-aec1-8df8204cca65
Driver info: io.appium.java_client.AppiumDriver
Capabilities [{platform=LINUX, app=C:\Appium\CheapoAir_AirHotel_3.0.15.apk, javascriptEnabled=true, appActivity=com.fp.cheapoair.Cheapoair, browserName=, networkConnectionEnabled=true, apppackage=com.fp.cheapoair, desired={platformVersion=5.1, app=C:\Appium\CheapoAir_AirHotel_3.0.15.apk, deviceName=motorola-nexus_6-ZX1G428LBP, platformName=Android, browserName=, appActivity=com.fp.cheapoair.Cheapoair, apppackage=com.fp.cheapoair}, locationContextEnabled=false, platformVersion=5.1, databaseEnabled=false, deviceName=ZX1G428LBP, platformName=Android, webStorageEnabled=false, warnings={}, takesScreenshot=true}]
	at org.openqa.selenium.remote.ErrorHandler.createThrowable(ErrorHandler.java:204)
	at org.openqa.selenium.remote.ErrorHandler.throwIfResponseFailed(ErrorHandler.java:156)
	at org.openqa.selenium.remote.RemoteWebDriver.execute(RemoteWebDriver.java:599)
	at io.appium.java_client.AppiumDriver.execute(AppiumDriver.java:88)
	at org.openqa.selenium.remote.RemoteWebElement.execute(RemoteWebElement.java:268)
	at org.openqa.selenium.remote.RemoteWebElement.sendKeys(RemoteWebElement.java:89)
	at com.fp.example.testingapp.Listing_Page(testingapp.java:201)
	at com.fp.example.Promo_Code_Verification.Promo_Calculation(Promo_Code_Verification.java:59)
... Removed 28 stack frames]]>
    </failure>
  </testcase> <!-- Promo_Calculation -->
  <testcase name="Booking_Check" time="120.382" classname="com.fp.example.Check_My_Booking">
    <failure type="org.openqa.selenium.NoSuchElementException" message="An element could not be located on the page using the given search parameters. (WARNING: The server did not provide any stacktrace information)
Command duration or timeout: 120.38 seconds
For documentation on this error, please visit: http://seleniumhq.org/exceptions/no_such_element.html
Build info: version: &amp;apos;2.45.0&amp;apos;, revision: &amp;apos;32a636c&amp;apos;, time: &amp;apos;2015-03-05 22:01:35&amp;apos;
System info: host: &amp;apos;INAGFFPTEC098W&amp;apos;, ip: &amp;apos;172.20.16.120&amp;apos;, os.name: &amp;apos;Windows 7&amp;apos;, os.arch: &amp;apos;x86&amp;apos;, os.version: &amp;apos;6.1&amp;apos;, java.version: &amp;apos;1.6.0_31&amp;apos;
*** Element info: {Using=name, value=My Bookings}
Session ID: e1c84ead-6342-4dd4-aec1-8df8204cca65
Driver info: io.appium.java_client.AppiumDriver
Capabilities [{platform=LINUX, app=C:\Appium\CheapoAir_AirHotel_3.0.15.apk, javascriptEnabled=true, appActivity=com.fp.cheapoair.Cheapoair, browserName=, networkConnectionEnabled=true, apppackage=com.fp.cheapoair, desired={platformVersion=5.1, app=C:\Appium\CheapoAir_AirHotel_3.0.15.apk, deviceName=motorola-nexus_6-ZX1G428LBP, platformName=Android, browserName=, appActivity=com.fp.cheapoair.Cheapoair, apppackage=com.fp.cheapoair}, locationContextEnabled=false, platformVersion=5.1, databaseEnabled=false, deviceName=ZX1G428LBP, platformName=Android, webStorageEnabled=false, warnings={}, takesScreenshot=true}]">
      <![CDATA[org.openqa.selenium.NoSuchElementException: An element could not be located on the page using the given search parameters. (WARNING: The server did not provide any stacktrace information)
Command duration or timeout: 120.38 seconds
For documentation on this error, please visit: http://seleniumhq.org/exceptions/no_such_element.html
Build info: version: '2.45.0', revision: '32a636c', time: '2015-03-05 22:01:35'
System info: host: 'INAGFFPTEC098W', ip: '172.20.16.120', os.name: 'Windows 7', os.arch: 'x86', os.version: '6.1', java.version: '1.6.0_31'
*** Element info: {Using=name, value=My Bookings}
Session ID: e1c84ead-6342-4dd4-aec1-8df8204cca65
Driver info: io.appium.java_client.AppiumDriver
Capabilities [{platform=LINUX, app=C:\Appium\CheapoAir_AirHotel_3.0.15.apk, javascriptEnabled=true, appActivity=com.fp.cheapoair.Cheapoair, browserName=, networkConnectionEnabled=true, apppackage=com.fp.cheapoair, desired={platformVersion=5.1, app=C:\Appium\CheapoAir_AirHotel_3.0.15.apk, deviceName=motorola-nexus_6-ZX1G428LBP, platformName=Android, browserName=, appActivity=com.fp.cheapoair.Cheapoair, apppackage=com.fp.cheapoair}, locationContextEnabled=false, platformVersion=5.1, databaseEnabled=false, deviceName=ZX1G428LBP, platformName=Android, webStorageEnabled=false, warnings={}, takesScreenshot=true}]
	at org.openqa.selenium.remote.ErrorHandler.createThrowable(ErrorHandler.java:204)
	at org.openqa.selenium.remote.ErrorHandler.throwIfResponseFailed(ErrorHandler.java:156)
	at org.openqa.selenium.remote.RemoteWebDriver.execute(RemoteWebDriver.java:599)
	at io.appium.java_client.AppiumDriver.execute(AppiumDriver.java:88)
	at org.openqa.selenium.remote.RemoteWebDriver.findElement(RemoteWebDriver.java:352)
	at org.openqa.selenium.remote.RemoteWebDriver.findElementByName(RemoteWebDriver.java:425)
	at org.openqa.selenium.By$ByName.findElement(By.java:299)
	at org.openqa.selenium.remote.RemoteWebDriver.findElement(RemoteWebDriver.java:344)
	at com.fp.example.testingapp.Check_My_booking(testingapp.java:653)
	at com.fp.example.Check_My_Booking.Booking_Check(Check_My_Booking.java:56)
... Removed 28 stack frames]]>
    </failure>
  </testcase> <!-- Booking_Check -->
</testsuite> <!-- Regression1 -->
