<?xml version="1.0" encoding="UTF-8"?>
<!-- Generated by org.testng.reporters.JUnitXMLReporter -->
<testsuite hostname="INAGFFPTEC230W" name="Default test" tests="1" failures="1" timestamp="15 Mar 2016 11:08:42 GMT" time="133.671" errors="0">
  <testcase name="Car_Script" time="133.467" classname="com.fp.core.cheapoair.Car_Booking">
    <failure type="org.openqa.selenium.NoSuchElementException" message="An element could not be located on the page using the given search parameters. (WARNING: The server did not provide any stacktrace information)
Command duration or timeout: 60.42 seconds
For documentation on this error, please visit: http://seleniumhq.org/exceptions/no_such_element.html
Build info: version: &amp;apos;2.42.2&amp;apos;, revision: &amp;apos;6a6995d&amp;apos;, time: &amp;apos;2014-06-03 17:42:30&amp;apos;
System info: host: &amp;apos;INAGFFPTEC230W&amp;apos;, ip: &amp;apos;172.20.17.186&amp;apos;, os.name: &amp;apos;Windows 7&amp;apos;, os.arch: &amp;apos;x86&amp;apos;, os.version: &amp;apos;6.1&amp;apos;, java.version: &amp;apos;1.7.0_25&amp;apos;
Session ID: 4e3052ee-fd70-42d3-83cb-26522759b3a0
Driver info: io.appium.java_client.AppiumDriver
Capabilities [{platform=LINUX, app=D:\Appium_Automation\application-cheapoair-3.1.10.apk, javascriptEnabled=true, appActivity=com.fp.cheapoair.CheapOair, browserName=, networkConnectionEnabled=true, apppackage=com.fp.cheapoair, desired={platformVersion=5.0.1, app=D:\Appium_Automation\application-cheapoair-3.1.10.apk, deviceName=samsung-sm_n910g-641dd802, platformName=Android, browserName=, appActivity=com.fp.cheapoair.CheapOair, apppackage=com.fp.cheapoair}, locationContextEnabled=false, platformVersion=5.0.1, databaseEnabled=false, platformName=Android, deviceName=641dd802, webStorageEnabled=false, warnings={}, takesScreenshot=true}]">
      <![CDATA[org.openqa.selenium.NoSuchElementException: An element could not be located on the page using the given search parameters. (WARNING: The server did not provide any stacktrace information)
Command duration or timeout: 60.42 seconds
For documentation on this error, please visit: http://seleniumhq.org/exceptions/no_such_element.html
Build info: version: '2.42.2', revision: '6a6995d', time: '2014-06-03 17:42:30'
System info: host: 'INAGFFPTEC230W', ip: '172.20.17.186', os.name: 'Windows 7', os.arch: 'x86', os.version: '6.1', java.version: '1.7.0_25'
Session ID: 4e3052ee-fd70-42d3-83cb-26522759b3a0
Driver info: io.appium.java_client.AppiumDriver
Capabilities [{platform=LINUX, app=D:\Appium_Automation\application-cheapoair-3.1.10.apk, javascriptEnabled=true, appActivity=com.fp.cheapoair.CheapOair, browserName=, networkConnectionEnabled=true, apppackage=com.fp.cheapoair, desired={platformVersion=5.0.1, app=D:\Appium_Automation\application-cheapoair-3.1.10.apk, deviceName=samsung-sm_n910g-641dd802, platformName=Android, browserName=, appActivity=com.fp.cheapoair.CheapOair, apppackage=com.fp.cheapoair}, locationContextEnabled=false, platformVersion=5.0.1, databaseEnabled=false, platformName=Android, deviceName=641dd802, webStorageEnabled=false, warnings={}, takesScreenshot=true}]
	at sun.reflect.NativeConstructorAccessorImpl.newInstance0(Native Method)
	at sun.reflect.NativeConstructorAccessorImpl.newInstance(Unknown Source)
	at sun.reflect.DelegatingConstructorAccessorImpl.newInstance(Unknown Source)
	at java.lang.reflect.Constructor.newInstance(Unknown Source)
	at org.openqa.selenium.remote.ErrorHandler.createThrowable(ErrorHandler.java:204)
	at org.openqa.selenium.remote.ErrorHandler.throwIfResponseFailed(ErrorHandler.java:156)
	at org.openqa.selenium.remote.RemoteWebDriver.execute(RemoteWebDriver.java:599)
	at io.appium.java_client.AppiumDriver.execute(AppiumDriver.java:88)
	at org.openqa.selenium.remote.RemoteWebDriver.findElement(RemoteWebDriver.java:352)
	at org.openqa.selenium.remote.RemoteWebDriver.findElementById(RemoteWebDriver.java:393)
	at org.openqa.selenium.By$ById.findElement(By.java:214)
	at org.openqa.selenium.remote.RemoteWebDriver.findElement(RemoteWebDriver.java:344)
	at com.fp.core.cheapoair.Function_File.Payment_Page(Function_File.java:448)
	at com.fp.core.cheapoair.Car_Booking.Car_Script(Car_Booking.java:146)
	at sun.reflect.NativeMethodAccessorImpl.invoke0(Native Method)
	at sun.reflect.NativeMethodAccessorImpl.invoke(Unknown Source)
	at sun.reflect.DelegatingMethodAccessorImpl.invoke(Unknown Source)
	at java.lang.reflect.Method.invoke(Unknown Source)
	at org.testng.internal.MethodInvocationHelper.invokeMethod(MethodInvocationHelper.java:85)
	at org.testng.internal.Invoker.invokeMethod(Invoker.java:639)
	at org.testng.internal.Invoker.invokeTestMethod(Invoker.java:816)
	at org.testng.internal.Invoker.invokeTestMethods(Invoker.java:1124)
	at org.testng.internal.TestMethodWorker.invokeTestMethods(TestMethodWorker.java:125)
	at org.testng.internal.TestMethodWorker.run(TestMethodWorker.java:108)
	at org.testng.TestRunner.privateRun(TestRunner.java:774)
	at org.testng.TestRunner.run(TestRunner.java:624)
	at org.testng.SuiteRunner.runTest(SuiteRunner.java:359)
	at org.testng.SuiteRunner.runSequentially(SuiteRunner.java:354)
	at org.testng.SuiteRunner.privateRun(SuiteRunner.java:312)
	at org.testng.SuiteRunner.run(SuiteRunner.java:261)
	at org.testng.SuiteRunnerWorker.runSuite(SuiteRunnerWorker.java:52)
	at org.testng.SuiteRunnerWorker.run(SuiteRunnerWorker.java:86)
	at org.testng.TestNG.runSuitesSequentially(TestNG.java:1191)
	at org.testng.TestNG.runSuitesLocally(TestNG.java:1116)
	at org.testng.TestNG.run(TestNG.java:1024)
	at org.testng.remote.RemoteTestNG.run(RemoteTestNG.java:112)
	at org.testng.remote.RemoteTestNG.initAndRun(RemoteTestNG.java:205)
	at org.testng.remote.RemoteTestNG.main(RemoteTestNG.java:176)
]]>
    </failure>
  </testcase> <!-- Car_Script -->
</testsuite> <!-- Default test -->
