<?xml version="1.0" encoding="UTF-8"?>
<!-- Generated by org.testng.reporters.JUnitReportReporter -->
<testsuite hostname="INAGFFPTEC098W" name="com.fp.example.Promo_Code_Verification" tests="1" failures="1" timestamp="5 Jun 2015 15:16:13 GMT" time="71.310" errors="0">
  <testcase name="Promo_Calculation" time="71.310" classname="com.fp.example.Promo_Code_Verification">
    <failure type="org.openqa.selenium.NoSuchElementException" message="An element could not be located on the page using the given search parameters. (WARNING: The server did not provide any stacktrace information)
Command duration or timeout: 25.32 seconds
For documentation on this error, please visit: http://seleniumhq.org/exceptions/no_such_element.html
Build info: version: &#039;2.45.0&#039;, revision: &#039;32a636c&#039;, time: &#039;2015-03-05 22:01:35&#039;
System info: host: &#039;INAGFFPTEC098W&#039;, ip: &#039;172.20.16.120&#039;, os.name: &#039;Windows 7&#039;, os.arch: &#039;x86&#039;, os.version: &#039;6.1&#039;, java.version: &#039;1.6.0_31&#039;
Session ID: e1c84ead-6342-4dd4-aec1-8df8204cca65
Driver info: io.appium.java_client.AppiumDriver
Capabilities [{platform=LINUX, app=C:\Appium\CheapoAir_AirHotel_3.0.15.apk, javascriptEnabled=true, appActivity=com.fp.cheapoair.Cheapoair, browserName=, networkConnectionEnabled=true, apppackage=com.fp.cheapoair, desired={platformVersion=5.1, app=C:\Appium\CheapoAir_AirHotel_3.0.15.apk, deviceName=motorola-nexus_6-ZX1G428LBP, platformName=Android, browserName=, appActivity=com.fp.cheapoair.Cheapoair, apppackage=com.fp.cheapoair}, locationContextEnabled=false, platformVersion=5.1, databaseEnabled=false, deviceName=ZX1G428LBP, platformName=Android, webStorageEnabled=false, warnings={}, takesScreenshot=true}]">
      <![CDATA[org.openqa.selenium.NoSuchElementException: An element could not be located on the page using the given search parameters. (WARNING: The server did not provide any stacktrace information)
Command duration or timeout: 25.32 seconds
For documentation on this error, please visit: http://seleniumhq.org/exceptions/no_such_element.html
Build info: version: '2.45.0', revision: '32a636c', time: '2015-03-05 22:01:35'
System info: host: 'INAGFFPTEC098W', ip: '172.20.16.120', os.name: 'Windows 7', os.arch: 'x86', os.version: '6.1', java.version: '1.6.0_31'
Session ID: e1c84ead-6342-4dd4-aec1-8df8204cca65
Driver info: io.appium.java_client.AppiumDriver
Capabilities [{platform=LINUX, app=C:\Appium\CheapoAir_AirHotel_3.0.15.apk, javascriptEnabled=true, appActivity=com.fp.cheapoair.Cheapoair, browserName=, networkConnectionEnabled=true, apppackage=com.fp.cheapoair, desired={platformVersion=5.1, app=C:\Appium\CheapoAir_AirHotel_3.0.15.apk, deviceName=motorola-nexus_6-ZX1G428LBP, platformName=Android, browserName=, appActivity=com.fp.cheapoair.Cheapoair, apppackage=com.fp.cheapoair}, locationContextEnabled=false, platformVersion=5.1, databaseEnabled=false, deviceName=ZX1G428LBP, platformName=Android, webStorageEnabled=false, warnings={}, takesScreenshot=true}]
	at sun.reflect.NativeConstructorAccessorImpl.newInstance0(Native Method)
	at sun.reflect.NativeConstructorAccessorImpl.newInstance(Unknown Source)
	at sun.reflect.DelegatingConstructorAccessorImpl.newInstance(Unknown Source)
	at java.lang.reflect.Constructor.newInstance(Unknown Source)
	at org.openqa.selenium.remote.ErrorHandler.createThrowable(ErrorHandler.java:204)
	at org.openqa.selenium.remote.ErrorHandler.throwIfResponseFailed(ErrorHandler.java:156)
	at org.openqa.selenium.remote.RemoteWebDriver.execute(RemoteWebDriver.java:599)
	at io.appium.java_client.AppiumDriver.execute(AppiumDriver.java:88)
	at org.openqa.selenium.remote.RemoteWebElement.execute(RemoteWebElement.java:268)
	at org.openqa.selenium.remote.RemoteWebElement.sendKeys(RemoteWebElement.java:89)
	at com.fp.example.testingapp.Listing_Page(testingapp.java:201)
	at com.fp.example.Promo_Code_Verification.Promo_Calculation(Promo_Code_Verification.java:59)
	at sun.reflect.NativeMethodAccessorImpl.invoke0(Native Method)
	at sun.reflect.NativeMethodAccessorImpl.invoke(Unknown Source)
	at sun.reflect.DelegatingMethodAccessorImpl.invoke(Unknown Source)
	at java.lang.reflect.Method.invoke(Unknown Source)
	at org.testng.internal.MethodInvocationHelper.invokeMethod(MethodInvocationHelper.java:84)
	at org.testng.internal.Invoker.invokeMethod(Invoker.java:714)
	at org.testng.internal.Invoker.invokeTestMethod(Invoker.java:901)
	at org.testng.internal.Invoker.invokeTestMethods(Invoker.java:1231)
	at org.testng.internal.TestMethodWorker.invokeTestMethods(TestMethodWorker.java:127)
	at org.testng.internal.TestMethodWorker.run(TestMethodWorker.java:111)
	at org.testng.TestRunner.privateRun(TestRunner.java:767)
	at org.testng.TestRunner.run(TestRunner.java:617)
	at org.testng.SuiteRunner.runTest(SuiteRunner.java:334)
	at org.testng.SuiteRunner.runSequentially(SuiteRunner.java:329)
	at org.testng.SuiteRunner.privateRun(SuiteRunner.java:291)
	at org.testng.SuiteRunner.run(SuiteRunner.java:240)
	at org.testng.SuiteRunnerWorker.runSuite(SuiteRunnerWorker.java:52)
	at org.testng.SuiteRunnerWorker.run(SuiteRunnerWorker.java:86)
	at org.testng.TestNG.runSuitesSequentially(TestNG.java:1224)
	at org.testng.TestNG.runSuitesLocally(TestNG.java:1149)
	at org.testng.TestNG.run(TestNG.java:1057)
	at org.testng.remote.RemoteTestNG.run(RemoteTestNG.java:111)
	at org.testng.remote.RemoteTestNG.initAndRun(RemoteTestNG.java:204)
	at org.testng.remote.RemoteTestNG.main(RemoteTestNG.java:175)
]]>
    </failure>
  </testcase> <!-- Promo_Calculation -->
</testsuite> <!-- com.fp.example.Promo_Code_Verification -->
